{"sessionId":"de2d06","runId":"prebuild","hypothesisId":"H1","location":"scripts/build-debug.mjs","message":"Build env summary","data":{"nodeVersion":"v22.22.0","npmUserAgent":"npm/11.12.1 node/v24.15.0 win32 x64 workspaces/false","nodeEnv":"missing","ci":"missing"},"timestamp":1777211899197}
{"sessionId":"de2d06","runId":"prebuild","hypothesisId":"H2","location":"scripts/build-debug.mjs","message":"Vite availability","data":{"hasVitePackage":true},"timestamp":1777211899213}
{"sessionId":"de2d06","runId":"prebuild","hypothesisId":"H3","location":"scripts/build-debug.mjs","message":"Frontend env variables present","data":{"hasSupabaseUrl":false,"hasSupabaseKey":false},"timestamp":1777211899217}
{"sessionId":"de2d06","runId":"prebuild","hypothesisId":"H4","location":"scripts/build-debug.mjs","message":"Package manager lockfile expectation","data":{"hasNpmLock":true,"hasBunLock":true},"timestamp":1777211899219}
{"sessionId":"de2d06","runId":"prebuild","hypothesisId":"H1","location":"scripts/build-debug.mjs","message":"Build env summary","data":{"nodeVersion":"v22.22.0","npmUserAgent":"npm/11.12.1 node/v24.15.0 win32 x64 workspaces/false","nodeEnv":"missing","ci":"missing"},"timestamp":1777212669431}
{"sessionId":"de2d06","runId":"prebuild","hypothesisId":"H2","location":"scripts/build-debug.mjs","message":"Vite availability","data":{"hasVitePackage":false},"timestamp":1777212669468}
{"sessionId":"de2d06","runId":"prebuild","hypothesisId":"H3","location":"scripts/build-debug.mjs","message":"Frontend env variables present","data":{"hasSupabaseUrl":false,"hasSupabaseKey":false},"timestamp":1777212669471}
{"sessionId":"de2d06","runId":"prebuild","hypothesisId":"H4","location":"scripts/build-debug.mjs","message":"Package manager lockfile expectation","data":{"hasNpmLock":true,"hasBunLock":true},"timestamp":1777212669473}
{"sessionId":"de2d06","runId":"prebuild","hypothesisId":"H1","location":"scripts/build-debug.mjs","message":"Build env summary","data":{"nodeVersion":"v22.22.0","npmUserAgent":"npm/11.12.1 node/v24.15.0 win32 x64 workspaces/false","nodeEnv":"missing","ci":"missing"},"timestamp":1777212758199}
{"sessionId":"de2d06","runId":"prebuild","hypothesisId":"H2","location":"scripts/build-debug.mjs","message":"Vite availability","data":{"hasVitePackage":false},"timestamp":1777212758235}
{"sessionId":"de2d06","runId":"prebuild","hypothesisId":"H3","location":"scripts/build-debug.mjs","message":"Frontend env variables present","data":{"hasSupabaseUrl":false,"hasSupabaseKey":false},"timestamp":1777212758238}
{"sessionId":"de2d06","runId":"prebuild","hypothesisId":"H4","location":"scripts/build-debug.mjs","message":"Package manager lockfile expectation","data":{"hasNpmLock":true,"hasBunLock":true},"timestamp":1777212758240}
{"sessionId":"de2d06","runId":"types-check","hypothesisId":"H1","location":"scripts/types-debug.mjs","message":"vitest globals resolution","data":{"canResolveVitestGlobals":false,"resolveError":"Cannot find module 'C:\\Users\\hmzar\\Downloads\\print-3d-shop-main\\print-3d-shop-main\\node_modules\\vitest\\globals' imported from C:\\Users\\hmzar\\Downloads\\print-3d-shop-main\\print-3d-shop-main\\scripts\\types-debug.mjs"},"timestamp":1777212962907}
{"sessionId":"de2d06","runId":"types-check","hypothesisId":"H2","location":"scripts/types-debug.mjs","message":"tsconfig app type entries","data":{"types":["vitest/globals"]},"timestamp":1777212962940}
{"sessionId":"de2d06","runId":"types-check","hypothesisId":"H3","location":"scripts/types-debug.mjs","message":"vitest listed in package.json","data":{"inDependencies":false,"inDevDependencies":true},"timestamp":1777212962944}
{"sessionId":"de2d06","runId":"types-check","hypothesisId":"H4","location":"scripts/types-debug.mjs","message":"install mode context","data":{"npmConfigProduction":"missing","nodeEnv":"missing","ci":"missing"},"timestamp":1777212962947}
{"sessionId":"de2d06","runId":"types-check","hypothesisId":"H1","location":"scripts/types-debug.mjs","message":"vitest globals resolution","data":{"canResolveVitestGlobals":false,"resolveError":"Cannot find module 'C:\\Users\\hmzar\\Downloads\\print-3d-shop-main\\print-3d-shop-main\\node_modules\\vitest\\globals' imported from C:\\Users\\hmzar\\Downloads\\print-3d-shop-main\\print-3d-shop-main\\scripts\\types-debug.mjs"},"timestamp":1777212999089}
{"sessionId":"de2d06","runId":"types-check","hypothesisId":"H2","location":"scripts/types-debug.mjs","message":"tsconfig app type entries","data":{"types":[]},"timestamp":1777212999122}
{"sessionId":"de2d06","runId":"types-check","hypothesisId":"H3","location":"scripts/types-debug.mjs","message":"vitest listed in package.json","data":{"inDependencies":false,"inDevDependencies":true},"timestamp":1777212999126}
{"sessionId":"de2d06","runId":"types-check","hypothesisId":"H4","location":"scripts/types-debug.mjs","message":"install mode context","data":{"npmConfigProduction":"missing","nodeEnv":"missing","ci":"missing"},"timestamp":1777212999128}
{"sessionId":"de2d06","runId":"prebuild","hypothesisId":"H1","location":"scripts/build-debug.mjs","message":"Build env summary","data":{"nodeVersion":"v22.22.0","npmUserAgent":"npm/11.12.1 node/v24.15.0 win32 x64 workspaces/false","nodeEnv":"missing","ci":"missing"},"timestamp":1777213039805}
{"sessionId":"de2d06","runId":"prebuild","hypothesisId":"H2","location":"scripts/build-debug.mjs","message":"Vite availability","data":{"hasVitePackage":false},"timestamp":1777213039839}
{"sessionId":"de2d06","runId":"prebuild","hypothesisId":"H3","location":"scripts/build-debug.mjs","message":"Frontend env variables present","data":{"hasSupabaseUrl":false,"hasSupabaseKey":false},"timestamp":1777213039842}
{"sessionId":"de2d06","runId":"prebuild","hypothesisId":"H4","location":"scripts/build-debug.mjs","message":"Package manager lockfile expectation","data":{"hasNpmLock":true,"hasBunLock":true},"timestamp":1777213039844}
